This file contains any messages produced by compilers while
running configure, to aid debugging if configure makes a mistake.

It was created by configure, which was
generated by GNU Autoconf 2.68.  Invocation command line was

  $ ./configure --prefix=/home/wvangeit/local/ccrypt

## --------- ##
## Platform. ##
## --------- ##

hostname = appling
uname -m = x86_64
uname -r = 3.2.61-grsec-modsign
uname -s = Linux
uname -v = #1 SMP Tue Aug 12 09:58:26 UTC 2014

/usr/bin/uname -p = unknown
/bin/uname -X     = unknown

/bin/arch              = unknown
/usr/bin/arch -k       = unknown
/usr/convex/getsysinfo = unknown
/usr/bin/hostinfo      = unknown
/bin/machine           = unknown
/usr/bin/oslevel       = unknown
/bin/universe          = unknown

PATH: /home/wvangeit/src/loopy/bin
PATH: /home/wvangeit/.local/bin
PATH: /home/wvangeit/local/bin
PATH: /home/wvangeit/local/sbin
PATH: /home/wvangeit/.gems/bin
PATH: /usr/lib/ruby/gems/1.8/bin/
PATH: /usr/local/bin
PATH: /usr/bin
PATH: /bin
PATH: /usr/bin/X11
PATH: /usr/games
PATH: /usr/local/sbin


## ----------- ##
## Core tests. ##
## ----------- ##

configure:2519: checking for a BSD-compatible install
configure:2587: result: /usr/bin/install -c
configure:2598: checking whether build environment is sane
configure:2648: result: yes
configure:2789: checking for a thread-safe mkdir -p
configure:2828: result: /bin/mkdir -p
configure:2841: checking for gawk
configure:2857: found /usr/bin/gawk
configure:2868: result: gawk
configure:2879: checking whether make sets $(MAKE)
configure:2901: result: yes
configure:2993: checking for emacs
configure:3009: found /usr/bin/emacs
configure:3020: result: emacs
configure:3044: checking where .elc files should go
configure:3057: $EMACS -batch -q -eval '(while load-path (princ (concat (car load-path) "\n")) (setq load-path (cdr load-path)))' </dev/null >conftest.out
Loading 00debian-vars...
Loading /etc/emacs/site-start.d/20gnus.el (source)...
Loading /etc/emacs/site-start.d/50autoconf.el (source)...
Loading /etc/emacs/site-start.d/50dictionaries-common.el (source)...
Loading debian-ispell...
Loading /var/cache/dictionaries-common/emacsen-ispell-default.el (source)...
Loading /var/cache/dictionaries-common/emacsen-ispell-dicts.el (source)...
Loading /etc/emacs/site-start.d/50mh-e.el (source)...
Loading /etc/emacs/site-start.d/50psvn.el (source)...
Loading /etc/emacs/site-start.d/50pymacs.el (source)...
Loading /etc/emacs/site-start.d/50python-docutils.el (source)...
Loading /etc/emacs/site-start.d/50python-mode.el (source)...
configure:3060: $? = 0
configure:3073: result: ${datarootdir}/emacs/site-lisp
configure:3131: checking for style of include used by make
configure:3159: result: GNU
configure:3229: checking for gcc
configure:3245: found /usr/bin/gcc
configure:3256: result: gcc
configure:3485: checking for C compiler version
configure:3494: gcc --version >&5
gcc (Ubuntu/Linaro 4.6.3-1ubuntu5) 4.6.3
Copyright (C) 2011 Free Software Foundation, Inc.
This is free software; see the source for copying conditions.  There is NO
warranty; not even for MERCHANTABILITY or FITNESS FOR A PARTICULAR PURPOSE.

configure:3505: $? = 0
configure:3494: gcc -v >&5
Using built-in specs.
COLLECT_GCC=gcc
COLLECT_LTO_WRAPPER=/usr/lib/gcc/x86_64-linux-gnu/4.6/lto-wrapper
Target: x86_64-linux-gnu
Configured with: ../src/configure -v --with-pkgversion='Ubuntu/Linaro 4.6.3-1ubuntu5' --with-bugurl=file:///usr/share/doc/gcc-4.6/README.Bugs --enable-languages=c,c++,fortran,objc,obj-c++ --prefix=/usr --program-suffix=-4.6 --enable-shared --enable-linker-build-id --with-system-zlib --libexecdir=/usr/lib --without-included-gettext --enable-threads=posix --with-gxx-include-dir=/usr/include/c++/4.6 --libdir=/usr/lib --enable-nls --with-sysroot=/ --enable-clocale=gnu --enable-libstdcxx-debug --enable-libstdcxx-time=yes --enable-gnu-unique-object --enable-plugin --enable-objc-gc --disable-werror --with-arch-32=i686 --with-tune=generic --enable-checking=release --build=x86_64-linux-gnu --host=x86_64-linux-gnu --target=x86_64-linux-gnu
Thread model: posix
gcc version 4.6.3 (Ubuntu/Linaro 4.6.3-1ubuntu5) 
configure:3505: $? = 0
configure:3494: gcc -V >&5
gcc: error: unrecognized option '-V'
gcc: fatal error: no input files
compilation terminated.
configure:3505: $? = 4
configure:3494: gcc -qversion >&5
gcc: error: unrecognized option '-qversion'
gcc: fatal error: no input files
compilation terminated.
configure:3505: $? = 4
configure:3525: checking whether the C compiler works
configure:3547: gcc    conftest.c  >&5
configure:3551: $? = 0
configure:3599: result: yes
configure:3602: checking for C compiler default output file name
configure:3604: result: a.out
configure:3610: checking for suffix of executables
configure:3617: gcc -o conftest    conftest.c  >&5
configure:3621: $? = 0
configure:3643: result: 
configure:3665: checking whether we are cross compiling
configure:3673: gcc -o conftest    conftest.c  >&5
configure:3677: $? = 0
configure:3684: ./conftest
configure:3688: $? = 0
configure:3703: result: no
configure:3708: checking for suffix of object files
configure:3730: gcc -c   conftest.c >&5
configure:3734: $? = 0
configure:3755: result: o
configure:3759: checking whether we are using the GNU C compiler
configure:3778: gcc -c   conftest.c >&5
configure:3778: $? = 0
configure:3787: result: yes
configure:3796: checking whether gcc accepts -g
configure:3816: gcc -c -g  conftest.c >&5
configure:3816: $? = 0
configure:3857: result: yes
configure:3874: checking for gcc option to accept ISO C89
configure:3938: gcc  -c -g -O2  conftest.c >&5
configure:3938: $? = 0
configure:3951: result: none needed
configure:3973: checking dependency style of gcc
configure:4083: result: gcc3
configure:4104: checking how to run the C preprocessor
configure:4135: gcc -E  conftest.c
configure:4135: $? = 0
configure:4149: gcc -E  conftest.c
conftest.c:16:28: fatal error: ac_nonexistent.h: No such file or directory
compilation terminated.
configure:4149: $? = 1
configure: failed program was:
| /* confdefs.h */
| #define PACKAGE_NAME ""
| #define PACKAGE_TARNAME ""
| #define PACKAGE_VERSION ""
| #define PACKAGE_STRING ""
| #define PACKAGE_BUGREPORT ""
| #define PACKAGE_URL ""
| #define PACKAGE "ccrypt"
| #define VERSION "1.10"
| #define NAMECCRYPT "ccrypt"
| #define NAMEENCRYPT "ccencrypt"
| #define NAMEDECRYPT "ccdecrypt"
| #define NAMECAT "ccat"
| #define SUF ".cpt"
| /* end confdefs.h.  */
| #include <ac_nonexistent.h>
configure:4174: result: gcc -E
configure:4194: gcc -E  conftest.c
configure:4194: $? = 0
configure:4208: gcc -E  conftest.c
conftest.c:16:28: fatal error: ac_nonexistent.h: No such file or directory
compilation terminated.
configure:4208: $? = 1
configure: failed program was:
| /* confdefs.h */
| #define PACKAGE_NAME ""
| #define PACKAGE_TARNAME ""
| #define PACKAGE_VERSION ""
| #define PACKAGE_STRING ""
| #define PACKAGE_BUGREPORT ""
| #define PACKAGE_URL ""
| #define PACKAGE "ccrypt"
| #define VERSION "1.10"
| #define NAMECCRYPT "ccrypt"
| #define NAMEENCRYPT "ccencrypt"
| #define NAMEDECRYPT "ccdecrypt"
| #define NAMECAT "ccat"
| #define SUF ".cpt"
| /* end confdefs.h.  */
| #include <ac_nonexistent.h>
configure:4237: checking for grep that handles long lines and -e
configure:4295: result: /bin/grep
configure:4300: checking for egrep
configure:4362: result: /bin/grep -E
configure:4367: checking for ANSI C header files
configure:4387: gcc -c -g -O2  conftest.c >&5
configure:4387: $? = 0
configure:4460: gcc -o conftest -g -O2   conftest.c  >&5
configure:4460: $? = 0
configure:4460: ./conftest
configure:4460: $? = 0
configure:4471: result: yes
configure:4484: checking for sys/types.h
configure:4484: gcc -c -g -O2  conftest.c >&5
configure:4484: $? = 0
configure:4484: result: yes
configure:4484: checking for sys/stat.h
configure:4484: gcc -c -g -O2  conftest.c >&5
configure:4484: $? = 0
configure:4484: result: yes
configure:4484: checking for stdlib.h
configure:4484: gcc -c -g -O2  conftest.c >&5
configure:4484: $? = 0
configure:4484: result: yes
configure:4484: checking for string.h
configure:4484: gcc -c -g -O2  conftest.c >&5
configure:4484: $? = 0
configure:4484: result: yes
configure:4484: checking for memory.h
configure:4484: gcc -c -g -O2  conftest.c >&5
configure:4484: $? = 0
configure:4484: result: yes
configure:4484: checking for strings.h
configure:4484: gcc -c -g -O2  conftest.c >&5
configure:4484: $? = 0
configure:4484: result: yes
configure:4484: checking for inttypes.h
configure:4484: gcc -c -g -O2  conftest.c >&5
configure:4484: $? = 0
configure:4484: result: yes
configure:4484: checking for stdint.h
configure:4484: gcc -c -g -O2  conftest.c >&5
configure:4484: $? = 0
configure:4484: result: yes
configure:4484: checking for unistd.h
configure:4484: gcc -c -g -O2  conftest.c >&5
configure:4484: $? = 0
configure:4484: result: yes
configure:4497: checking minix/config.h usability
configure:4497: gcc -c -g -O2  conftest.c >&5
conftest.c:59:26: fatal error: minix/config.h: No such file or directory
compilation terminated.
configure:4497: $? = 1
configure: failed program was:
| /* confdefs.h */
| #define PACKAGE_NAME ""
| #define PACKAGE_TARNAME ""
| #define PACKAGE_VERSION ""
| #define PACKAGE_STRING ""
| #define PACKAGE_BUGREPORT ""
| #define PACKAGE_URL ""
| #define PACKAGE "ccrypt"
| #define VERSION "1.10"
| #define NAMECCRYPT "ccrypt"
| #define NAMEENCRYPT "ccencrypt"
| #define NAMEDECRYPT "ccdecrypt"
| #define NAMECAT "ccat"
| #define SUF ".cpt"
| #define STDC_HEADERS 1
| #define HAVE_SYS_TYPES_H 1
| #define HAVE_SYS_STAT_H 1
| #define HAVE_STDLIB_H 1
| #define HAVE_STRING_H 1
| #define HAVE_MEMORY_H 1
| #define HAVE_STRINGS_H 1
| #define HAVE_INTTYPES_H 1
| #define HAVE_STDINT_H 1
| #define HAVE_UNISTD_H 1
| /* end confdefs.h.  */
| #include <stdio.h>
| #ifdef HAVE_SYS_TYPES_H
| # include <sys/types.h>
| #endif
| #ifdef HAVE_SYS_STAT_H
| # include <sys/stat.h>
| #endif
| #ifdef STDC_HEADERS
| # include <stdlib.h>
| # include <stddef.h>
| #else
| # ifdef HAVE_STDLIB_H
| #  include <stdlib.h>
| # endif
| #endif
| #ifdef HAVE_STRING_H
| # if !defined STDC_HEADERS && defined HAVE_MEMORY_H
| #  include <memory.h>
| # endif
| # include <string.h>
| #endif
| #ifdef HAVE_STRINGS_H
| # include <strings.h>
| #endif
| #ifdef HAVE_INTTYPES_H
| # include <inttypes.h>
| #endif
| #ifdef HAVE_STDINT_H
| # include <stdint.h>
| #endif
| #ifdef HAVE_UNISTD_H
| # include <unistd.h>
| #endif
| #include <minix/config.h>
configure:4497: result: no
configure:4497: checking minix/config.h presence
configure:4497: gcc -E  conftest.c
conftest.c:26:26: fatal error: minix/config.h: No such file or directory
compilation terminated.
configure:4497: $? = 1
configure: failed program was:
| /* confdefs.h */
| #define PACKAGE_NAME ""
| #define PACKAGE_TARNAME ""
| #define PACKAGE_VERSION ""
| #define PACKAGE_STRING ""
| #define PACKAGE_BUGREPORT ""
| #define PACKAGE_URL ""
| #define PACKAGE "ccrypt"
| #define VERSION "1.10"
| #define NAMECCRYPT "ccrypt"
| #define NAMEENCRYPT "ccencrypt"
| #define NAMEDECRYPT "ccdecrypt"
| #define NAMECAT "ccat"
| #define SUF ".cpt"
| #define STDC_HEADERS 1
| #define HAVE_SYS_TYPES_H 1
| #define HAVE_SYS_STAT_H 1
| #define HAVE_STDLIB_H 1
| #define HAVE_STRING_H 1
| #define HAVE_MEMORY_H 1
| #define HAVE_STRINGS_H 1
| #define HAVE_INTTYPES_H 1
| #define HAVE_STDINT_H 1
| #define HAVE_UNISTD_H 1
| /* end confdefs.h.  */
| #include <minix/config.h>
configure:4497: result: no
configure:4497: checking for minix/config.h
configure:4497: result: no
configure:4518: checking whether it is safe to define __EXTENSIONS__
configure:4536: gcc -c -g -O2  conftest.c >&5
configure:4536: $? = 0
configure:4543: result: yes
configure:4605: checking for gcc
configure:4632: result: gcc
configure:4861: checking for C compiler version
configure:4870: gcc --version >&5
gcc (Ubuntu/Linaro 4.6.3-1ubuntu5) 4.6.3
Copyright (C) 2011 Free Software Foundation, Inc.
This is free software; see the source for copying conditions.  There is NO
warranty; not even for MERCHANTABILITY or FITNESS FOR A PARTICULAR PURPOSE.

configure:4881: $? = 0
configure:4870: gcc -v >&5
Using built-in specs.
COLLECT_GCC=gcc
COLLECT_LTO_WRAPPER=/usr/lib/gcc/x86_64-linux-gnu/4.6/lto-wrapper
Target: x86_64-linux-gnu
Configured with: ../src/configure -v --with-pkgversion='Ubuntu/Linaro 4.6.3-1ubuntu5' --with-bugurl=file:///usr/share/doc/gcc-4.6/README.Bugs --enable-languages=c,c++,fortran,objc,obj-c++ --prefix=/usr --program-suffix=-4.6 --enable-shared --enable-linker-build-id --with-system-zlib --libexecdir=/usr/lib --without-included-gettext --enable-threads=posix --with-gxx-include-dir=/usr/include/c++/4.6 --libdir=/usr/lib --enable-nls --with-sysroot=/ --enable-clocale=gnu --enable-libstdcxx-debug --enable-libstdcxx-time=yes --enable-gnu-unique-object --enable-plugin --enable-objc-gc --disable-werror --with-arch-32=i686 --with-tune=generic --enable-checking=release --build=x86_64-linux-gnu --host=x86_64-linux-gnu --target=x86_64-linux-gnu
Thread model: posix
gcc version 4.6.3 (Ubuntu/Linaro 4.6.3-1ubuntu5) 
configure:4881: $? = 0
configure:4870: gcc -V >&5
gcc: error: unrecognized option '-V'
gcc: fatal error: no input files
compilation terminated.
configure:4881: $? = 4
configure:4870: gcc -qversion >&5
gcc: error: unrecognized option '-qversion'
gcc: fatal error: no input files
compilation terminated.
configure:4881: $? = 4
configure:4885: checking whether we are using the GNU C compiler
configure:4913: result: yes
configure:4922: checking whether gcc accepts -g
configure:4983: result: yes
configure:5000: checking for gcc option to accept ISO C89
configure:5077: result: none needed
configure:5099: checking dependency style of gcc
configure:5209: result: gcc3
configure:5231: checking what compiler options to use
configure:5233: result: -g -O2 -Wall 
configure:5241: checking for gtar
configure:5271: result: no
configure:5289: checking for special C compiler options needed for large files
configure:5334: result: no
configure:5340: checking for _FILE_OFFSET_BITS value needed for large files
configure:5365: gcc -c -g -O2 -Wall  conftest.c >&5
configure:5365: $? = 0
configure:5397: result: no
configure:5499: checking for crypt in -lcrypt
configure:5524: gcc -o conftest -g -O2 -Wall   conftest.c -lcrypt   >&5
configure:5524: $? = 0
configure:5533: result: yes
configure:5550: checking for gethostname in -lsocket
configure:5575: gcc -o conftest -g -O2 -Wall   conftest.c -lsocket  -lcrypt  >&5
/usr/bin/ld: cannot find -lsocket
collect2: ld returned 1 exit status
configure:5575: $? = 1
configure: failed program was:
| /* confdefs.h */
| #define PACKAGE_NAME ""
| #define PACKAGE_TARNAME ""
| #define PACKAGE_VERSION ""
| #define PACKAGE_STRING ""
| #define PACKAGE_BUGREPORT ""
| #define PACKAGE_URL ""
| #define PACKAGE "ccrypt"
| #define VERSION "1.10"
| #define NAMECCRYPT "ccrypt"
| #define NAMEENCRYPT "ccencrypt"
| #define NAMEDECRYPT "ccdecrypt"
| #define NAMECAT "ccat"
| #define SUF ".cpt"
| #define STDC_HEADERS 1
| #define HAVE_SYS_TYPES_H 1
| #define HAVE_SYS_STAT_H 1
| #define HAVE_STDLIB_H 1
| #define HAVE_STRING_H 1
| #define HAVE_MEMORY_H 1
| #define HAVE_STRINGS_H 1
| #define HAVE_INTTYPES_H 1
| #define HAVE_STDINT_H 1
| #define HAVE_UNISTD_H 1
| #define __EXTENSIONS__ 1
| #define _ALL_SOURCE 1
| #define _GNU_SOURCE 1
| #define _POSIX_PTHREAD_SEMANTICS 1
| #define _TANDEM_SOURCE 1
| #define HAVE_LIBCRYPT 1
| /* end confdefs.h.  */
| 
| /* Override any GCC internal prototype to avoid an error.
|    Use char because int might match the return type of a GCC
|    builtin and then its argument prototype would still apply.  */
| #ifdef __cplusplus
| extern "C"
| #endif
| char gethostname ();
| int
| main ()
| {
| return gethostname ();
|   ;
|   return 0;
| }
configure:5584: result: no
configure:5599: checking for stdint.h
configure:5599: result: yes
configure:5599: checking crypt.h usability
configure:5599: gcc -c -g -O2 -Wall  conftest.c >&5
configure:5599: $? = 0
configure:5599: result: yes
configure:5599: checking crypt.h presence
configure:5599: gcc -E  conftest.c
configure:5599: $? = 0
configure:5599: result: yes
configure:5599: checking for crypt.h
configure:5599: result: yes
configure:5610: checking for getopt_long
configure:5610: gcc -o conftest -g -O2 -Wall   conftest.c -lcrypt  >&5
configure:5610: $? = 0
configure:5610: result: yes
configure:5622: checking size of unsigned int
configure:5627: gcc -o conftest -g -O2 -Wall   conftest.c -lcrypt  >&5
configure:5627: $? = 0
configure:5627: ./conftest
configure:5627: $? = 0
configure:5641: result: 4
configure:5655: checking size of unsigned long
configure:5660: gcc -o conftest -g -O2 -Wall   conftest.c -lcrypt  >&5
configure:5660: $? = 0
configure:5660: ./conftest
configure:5660: $? = 0
configure:5674: result: 8
configure:5685: checking for 32 bit unsigned integer type
configure:5694: result: unsigned int
configure:5726: checking whether NLS is requested
configure:5735: result: yes
configure:5773: checking for msgfmt
configure: trying /usr/bin/msgfmt...
0 translated messages.
configure:5805: result: /usr/bin/msgfmt
configure:5814: checking for gmsgfmt
configure:5845: result: /usr/bin/msgfmt
configure:5885: checking for xgettext
configure: trying /usr/bin/xgettext...
/usr/bin/xgettext: warning: file `/dev/null' extension `' is unknown; will try C
configure:5917: result: /usr/bin/xgettext
configure:5957: checking for msgmerge
configure: trying /usr/bin/msgmerge...
configure:5988: result: /usr/bin/msgmerge
configure:6027: checking build system type
configure:6041: result: x86_64-unknown-linux-gnu
configure:6061: checking host system type
configure:6074: result: x86_64-unknown-linux-gnu
configure:6095: checking whether we are using the GNU C Library 2 or newer
configure:6122: result: yes
configure:6171: checking for ranlib
configure:6187: found /usr/bin/ranlib
configure:6198: result: ranlib
configure:6221: checking for strerror in -lcposix
configure:6246: gcc -o conftest -g -O2 -Wall   conftest.c -lcposix  -lcrypt  >&5
/usr/bin/ld: cannot find -lcposix
collect2: ld returned 1 exit status
configure:6246: $? = 1
configure: failed program was:
| /* confdefs.h */
| #define PACKAGE_NAME ""
| #define PACKAGE_TARNAME ""
| #define PACKAGE_VERSION ""
| #define PACKAGE_STRING ""
| #define PACKAGE_BUGREPORT ""
| #define PACKAGE_URL ""
| #define PACKAGE "ccrypt"
| #define VERSION "1.10"
| #define NAMECCRYPT "ccrypt"
| #define NAMEENCRYPT "ccencrypt"
| #define NAMEDECRYPT "ccdecrypt"
| #define NAMECAT "ccat"
| #define SUF ".cpt"
| #define STDC_HEADERS 1
| #define HAVE_SYS_TYPES_H 1
| #define HAVE_SYS_STAT_H 1
| #define HAVE_STDLIB_H 1
| #define HAVE_STRING_H 1
| #define HAVE_MEMORY_H 1
| #define HAVE_STRINGS_H 1
| #define HAVE_INTTYPES_H 1
| #define HAVE_STDINT_H 1
| #define HAVE_UNISTD_H 1
| #define __EXTENSIONS__ 1
| #define _ALL_SOURCE 1
| #define _GNU_SOURCE 1
| #define _POSIX_PTHREAD_SEMANTICS 1
| #define _TANDEM_SOURCE 1
| #define HAVE_LIBCRYPT 1
| #define HAVE_STDINT_H 1
| #define HAVE_CRYPT_H 1
| #define SIZEOF_UNSIGNED_INT 4
| #define SIZEOF_UNSIGNED_LONG 8
| #define UINT32_TYPE unsigned int
| #define GETTEXT_PACKAGE "ccrypt"
| /* end confdefs.h.  */
| 
| /* Override any GCC internal prototype to avoid an error.
|    Use char because int might match the return type of a GCC
|    builtin and then its argument prototype would still apply.  */
| #ifdef __cplusplus
| extern "C"
| #endif
| char strerror ();
| int
| main ()
| {
| return strerror ();
|   ;
|   return 0;
| }
configure:6255: result: no
configure:6263: checking for an ANSI C-conforming const
configure:6328: gcc -c -g -O2 -Wall  conftest.c >&5
conftest.c: In function 'main':
conftest.c:67:10: warning: 't' is used uninitialized in this function [-Wuninitialized]
configure:6328: $? = 0
configure:6335: result: yes
configure:6344: checking for signed
configure:6360: gcc -c -g -O2 -Wall  conftest.c >&5
conftest.c: In function 'main':
conftest.c:42:13: warning: unused variable 'x' [-Wunused-variable]
configure:6360: $? = 0
configure:6367: result: yes
configure:6375: checking for inline
configure:6391: gcc -c -g -O2 -Wall  conftest.c >&5
configure:6391: $? = 0
configure:6399: result: inline
configure:6417: checking for off_t
configure:6417: gcc -c -g -O2 -Wall  conftest.c >&5
configure:6417: $? = 0
configure:6417: gcc -c -g -O2 -Wall  conftest.c >&5
conftest.c: In function 'main':
conftest.c:74:20: error: expected expression before ')' token
configure:6417: $? = 1
configure: failed program was:
| /* confdefs.h */
| #define PACKAGE_NAME ""
| #define PACKAGE_TARNAME ""
| #define PACKAGE_VERSION ""
| #define PACKAGE_STRING ""
| #define PACKAGE_BUGREPORT ""
| #define PACKAGE_URL ""
| #define PACKAGE "ccrypt"
| #define VERSION "1.10"
| #define NAMECCRYPT "ccrypt"
| #define NAMEENCRYPT "ccencrypt"
| #define NAMEDECRYPT "ccdecrypt"
| #define NAMECAT "ccat"
| #define SUF ".cpt"
| #define STDC_HEADERS 1
| #define HAVE_SYS_TYPES_H 1
| #define HAVE_SYS_STAT_H 1
| #define HAVE_STDLIB_H 1
| #define HAVE_STRING_H 1
| #define HAVE_MEMORY_H 1
| #define HAVE_STRINGS_H 1
| #define HAVE_INTTYPES_H 1
| #define HAVE_STDINT_H 1
| #define HAVE_UNISTD_H 1
| #define __EXTENSIONS__ 1
| #define _ALL_SOURCE 1
| #define _GNU_SOURCE 1
| #define _POSIX_PTHREAD_SEMANTICS 1
| #define _TANDEM_SOURCE 1
| #define HAVE_LIBCRYPT 1
| #define HAVE_STDINT_H 1
| #define HAVE_CRYPT_H 1
| #define SIZEOF_UNSIGNED_INT 4
| #define SIZEOF_UNSIGNED_LONG 8
| #define UINT32_TYPE unsigned int
| #define GETTEXT_PACKAGE "ccrypt"
| /* end confdefs.h.  */
| #include <stdio.h>
| #ifdef HAVE_SYS_TYPES_H
| # include <sys/types.h>
| #endif
| #ifdef HAVE_SYS_STAT_H
| # include <sys/stat.h>
| #endif
| #ifdef STDC_HEADERS
| # include <stdlib.h>
| # include <stddef.h>
| #else
| # ifdef HAVE_STDLIB_H
| #  include <stdlib.h>
| # endif
| #endif
| #ifdef HAVE_STRING_H
| # if !defined STDC_HEADERS && defined HAVE_MEMORY_H
| #  include <memory.h>
| # endif
| # include <string.h>
| #endif
| #ifdef HAVE_STRINGS_H
| # include <strings.h>
| #endif
| #ifdef HAVE_INTTYPES_H
| # include <inttypes.h>
| #endif
| #ifdef HAVE_STDINT_H
| # include <stdint.h>
| #endif
| #ifdef HAVE_UNISTD_H
| # include <unistd.h>
| #endif
| int
| main ()
| {
| if (sizeof ((off_t)))
| 	    return 0;
|   ;
|   return 0;
| }
configure:6417: result: yes
configure:6428: checking for size_t
configure:6428: gcc -c -g -O2 -Wall  conftest.c >&5
configure:6428: $? = 0
configure:6428: gcc -c -g -O2 -Wall  conftest.c >&5
conftest.c: In function 'main':
conftest.c:74:21: error: expected expression before ')' token
configure:6428: $? = 1
configure: failed program was:
| /* confdefs.h */
| #define PACKAGE_NAME ""
| #define PACKAGE_TARNAME ""
| #define PACKAGE_VERSION ""
| #define PACKAGE_STRING ""
| #define PACKAGE_BUGREPORT ""
| #define PACKAGE_URL ""
| #define PACKAGE "ccrypt"
| #define VERSION "1.10"
| #define NAMECCRYPT "ccrypt"
| #define NAMEENCRYPT "ccencrypt"
| #define NAMEDECRYPT "ccdecrypt"
| #define NAMECAT "ccat"
| #define SUF ".cpt"
| #define STDC_HEADERS 1
| #define HAVE_SYS_TYPES_H 1
| #define HAVE_SYS_STAT_H 1
| #define HAVE_STDLIB_H 1
| #define HAVE_STRING_H 1
| #define HAVE_MEMORY_H 1
| #define HAVE_STRINGS_H 1
| #define HAVE_INTTYPES_H 1
| #define HAVE_STDINT_H 1
| #define HAVE_UNISTD_H 1
| #define __EXTENSIONS__ 1
| #define _ALL_SOURCE 1
| #define _GNU_SOURCE 1
| #define _POSIX_PTHREAD_SEMANTICS 1
| #define _TANDEM_SOURCE 1
| #define HAVE_LIBCRYPT 1
| #define HAVE_STDINT_H 1
| #define HAVE_CRYPT_H 1
| #define SIZEOF_UNSIGNED_INT 4
| #define SIZEOF_UNSIGNED_LONG 8
| #define UINT32_TYPE unsigned int
| #define GETTEXT_PACKAGE "ccrypt"
| /* end confdefs.h.  */
| #include <stdio.h>
| #ifdef HAVE_SYS_TYPES_H
| # include <sys/types.h>
| #endif
| #ifdef HAVE_SYS_STAT_H
| # include <sys/stat.h>
| #endif
| #ifdef STDC_HEADERS
| # include <stdlib.h>
| # include <stddef.h>
| #else
| # ifdef HAVE_STDLIB_H
| #  include <stdlib.h>
| # endif
| #endif
| #ifdef HAVE_STRING_H
| # if !defined STDC_HEADERS && defined HAVE_MEMORY_H
| #  include <memory.h>
| # endif
| # include <string.h>
| #endif
| #ifdef HAVE_STRINGS_H
| # include <strings.h>
| #endif
| #ifdef HAVE_INTTYPES_H
| # include <inttypes.h>
| #endif
| #ifdef HAVE_STDINT_H
| # include <stdint.h>
| #endif
| #ifdef HAVE_UNISTD_H
| # include <unistd.h>
| #endif
| int
| main ()
| {
| if (sizeof ((size_t)))
| 	    return 0;
|   ;
|   return 0;
| }
configure:6428: result: yes
configure:6440: checking for long long
configure:6457: gcc -o conftest -g -O2 -Wall   conftest.c -lcrypt  >&5
configure:6457: $? = 0
configure:6465: result: yes
configure:6474: checking for long double
configure:6506: result: yes
configure:6515: checking for wchar_t
configure:6532: gcc -c -g -O2 -Wall  conftest.c >&5
configure:6532: $? = 0
configure:6539: result: yes
configure:6548: checking for wint_t
configure:6565: gcc -c -g -O2 -Wall  conftest.c >&5
configure:6565: $? = 0
configure:6572: result: yes
configure:6581: checking for inttypes.h
configure:6598: gcc -c -g -O2 -Wall  conftest.c >&5
conftest.c: In function 'main':
conftest.c:47:11: warning: unused variable 'i' [-Wunused-variable]
configure:6598: $? = 0
configure:6605: result: yes
configure:6616: checking for stdint.h
configure:6633: gcc -c -g -O2 -Wall  conftest.c >&5
conftest.c: In function 'main':
conftest.c:48:11: warning: unused variable 'i' [-Wunused-variable]
configure:6633: $? = 0
configure:6640: result: yes
configure:6653: checking for intmax_t
configure:6678: gcc -c -g -O2 -Wall  conftest.c >&5
conftest.c: In function 'main':
conftest.c:57:10: warning: unused variable 'x' [-Wunused-variable]
configure:6678: $? = 0
configure:6685: result: yes
configure:6695: checking whether printf() supports POSIX/XSI format strings
configure:6736: gcc -o conftest -g -O2 -Wall   conftest.c -lcrypt  >&5
configure:6736: $? = 0
configure:6736: ./conftest
configure:6736: $? = 0
configure:6747: result: yes
configure:6759: checking for working alloca.h
configure:6776: gcc -o conftest -g -O2 -Wall   conftest.c -lcrypt  >&5
configure:6776: $? = 0
configure:6784: result: yes
configure:6792: checking for alloca
configure:6829: gcc -o conftest -g -O2 -Wall   conftest.c -lcrypt  >&5
configure:6829: $? = 0
configure:6837: result: yes
configure:6952: checking for stdlib.h
configure:6952: result: yes
configure:6952: checking for unistd.h
configure:6952: result: yes
configure:6952: checking for sys/param.h
configure:6952: gcc -c -g -O2 -Wall  conftest.c >&5
configure:6952: $? = 0
configure:6952: result: yes
configure:6972: checking for getpagesize
configure:6972: gcc -o conftest -g -O2 -Wall   conftest.c -lcrypt  >&5
configure:6972: $? = 0
configure:6972: result: yes
configure:6981: checking for working mmap
configure:7128: gcc -o conftest -g -O2 -Wall   conftest.c -lcrypt  >&5
configure:7128: $? = 0
configure:7128: ./conftest
configure:7128: $? = 0
configure:7138: result: yes
configure:7148: checking whether we are using the GNU C Library 2.1 or newer
configure:7175: result: yes
configure:7183: checking whether integer division by zero raises SIGFPE
configure:7240: gcc -o conftest -g -O2 -Wall   conftest.c -lcrypt  >&5
conftest.c:71:5: warning: built-in function 'nan' declared as non-function [enabled by default]
configure:7240: $? = 0
configure:7240: ./conftest
configure:7240: $? = 0
configure:7251: result: yes
configure:7264: checking for unsigned long long
configure:7281: gcc -o conftest -g -O2 -Wall   conftest.c -lcrypt  >&5
configure:7281: $? = 0
configure:7289: result: yes
configure:7317: checking for inttypes.h
configure:7335: gcc -c -g -O2 -Wall  conftest.c >&5
configure:7335: $? = 0
configure:7343: result: yes
configure:7356: checking whether the inttypes.h PRIxNN macros are broken
configure:7377: gcc -c -g -O2 -Wall  conftest.c >&5
configure:7377: $? = 0
configure:7385: result: no
configure:7399: checking for stdint.h
configure:7399: result: yes
configure:7409: checking for SIZE_MAX
configure:7482: result: yes
configure:7497: checking for stdint.h
configure:7497: result: yes
configure:7509: checking for CFPreferencesCopyAppValue
configure:7529: gcc -o conftest -g -O2 -Wall  -I/System/Library/Frameworks/CoreFoundation.framework/Headers  conftest.c -lcrypt  -framework CoreFoundation >&5
gcc: error: CoreFoundation: No such file or directory
configure:7529: $? = 1
configure: failed program was:
| /* confdefs.h */
| #define PACKAGE_NAME ""
| #define PACKAGE_TARNAME ""
| #define PACKAGE_VERSION ""
| #define PACKAGE_STRING ""
| #define PACKAGE_BUGREPORT ""
| #define PACKAGE_URL ""
| #define PACKAGE "ccrypt"
| #define VERSION "1.10"
| #define NAMECCRYPT "ccrypt"
| #define NAMEENCRYPT "ccencrypt"
| #define NAMEDECRYPT "ccdecrypt"
| #define NAMECAT "ccat"
| #define SUF ".cpt"
| #define STDC_HEADERS 1
| #define HAVE_SYS_TYPES_H 1
| #define HAVE_SYS_STAT_H 1
| #define HAVE_STDLIB_H 1
| #define HAVE_STRING_H 1
| #define HAVE_MEMORY_H 1
| #define HAVE_STRINGS_H 1
| #define HAVE_INTTYPES_H 1
| #define HAVE_STDINT_H 1
| #define HAVE_UNISTD_H 1
| #define __EXTENSIONS__ 1
| #define _ALL_SOURCE 1
| #define _GNU_SOURCE 1
| #define _POSIX_PTHREAD_SEMANTICS 1
| #define _TANDEM_SOURCE 1
| #define HAVE_LIBCRYPT 1
| #define HAVE_STDINT_H 1
| #define HAVE_CRYPT_H 1
| #define SIZEOF_UNSIGNED_INT 4
| #define SIZEOF_UNSIGNED_LONG 8
| #define UINT32_TYPE unsigned int
| #define GETTEXT_PACKAGE "ccrypt"
| #define HAVE_LONG_LONG 1
| #define HAVE_LONG_DOUBLE 1
| #define HAVE_WCHAR_T 1
| #define HAVE_WINT_T 1
| #define HAVE_INTTYPES_H_WITH_UINTMAX 1
| #define HAVE_STDINT_H_WITH_UINTMAX 1
| #define HAVE_INTMAX_T 1
| #define HAVE_POSIX_PRINTF 1
| #define HAVE_ALLOCA_H 1
| #define HAVE_ALLOCA 1
| #define HAVE_STDLIB_H 1
| #define HAVE_UNISTD_H 1
| #define HAVE_SYS_PARAM_H 1
| #define HAVE_GETPAGESIZE 1
| #define HAVE_MMAP 1
| #define INTDIV0_RAISES_SIGFPE 1
| #define HAVE_UNSIGNED_LONG_LONG 1
| #define HAVE_UINTMAX_T 1
| #define HAVE_INTTYPES_H 1
| #define HAVE_STDINT_H 1
| #define HAVE_STDINT_H 1
| /* end confdefs.h.  */
| #include <CFPreferences.h>
| int
| main ()
| {
| CFPreferencesCopyAppValue(NULL, NULL)
|   ;
|   return 0;
| }
configure:7539: result: no
configure:7546: checking for CFLocaleCopyCurrent
configure:7566: gcc -o conftest -g -O2 -Wall  -I/System/Library/Frameworks/CoreFoundation.framework/Headers  conftest.c -lcrypt  -framework CoreFoundation >&5
gcc: error: CoreFoundation: No such file or directory
configure:7566: $? = 1
configure: failed program was:
| /* confdefs.h */
| #define PACKAGE_NAME ""
| #define PACKAGE_TARNAME ""
| #define PACKAGE_VERSION ""
| #define PACKAGE_STRING ""
| #define PACKAGE_BUGREPORT ""
| #define PACKAGE_URL ""
| #define PACKAGE "ccrypt"
| #define VERSION "1.10"
| #define NAMECCRYPT "ccrypt"
| #define NAMEENCRYPT "ccencrypt"
| #define NAMEDECRYPT "ccdecrypt"
| #define NAMECAT "ccat"
| #define SUF ".cpt"
| #define STDC_HEADERS 1
| #define HAVE_SYS_TYPES_H 1
| #define HAVE_SYS_STAT_H 1
| #define HAVE_STDLIB_H 1
| #define HAVE_STRING_H 1
| #define HAVE_MEMORY_H 1
| #define HAVE_STRINGS_H 1
| #define HAVE_INTTYPES_H 1
| #define HAVE_STDINT_H 1
| #define HAVE_UNISTD_H 1
| #define __EXTENSIONS__ 1
| #define _ALL_SOURCE 1
| #define _GNU_SOURCE 1
| #define _POSIX_PTHREAD_SEMANTICS 1
| #define _TANDEM_SOURCE 1
| #define HAVE_LIBCRYPT 1
| #define HAVE_STDINT_H 1
| #define HAVE_CRYPT_H 1
| #define SIZEOF_UNSIGNED_INT 4
| #define SIZEOF_UNSIGNED_LONG 8
| #define UINT32_TYPE unsigned int
| #define GETTEXT_PACKAGE "ccrypt"
| #define HAVE_LONG_LONG 1
| #define HAVE_LONG_DOUBLE 1
| #define HAVE_WCHAR_T 1
| #define HAVE_WINT_T 1
| #define HAVE_INTTYPES_H_WITH_UINTMAX 1
| #define HAVE_STDINT_H_WITH_UINTMAX 1
| #define HAVE_INTMAX_T 1
| #define HAVE_POSIX_PRINTF 1
| #define HAVE_ALLOCA_H 1
| #define HAVE_ALLOCA 1
| #define HAVE_STDLIB_H 1
| #define HAVE_UNISTD_H 1
| #define HAVE_SYS_PARAM_H 1
| #define HAVE_GETPAGESIZE 1
| #define HAVE_MMAP 1
| #define INTDIV0_RAISES_SIGFPE 1
| #define HAVE_UNSIGNED_LONG_LONG 1
| #define HAVE_UINTMAX_T 1
| #define HAVE_INTTYPES_H 1
| #define HAVE_STDINT_H 1
| #define HAVE_STDINT_H 1
| /* end confdefs.h.  */
| #include <CFLocale.h>
| int
| main ()
| {
| CFLocaleCopyCurrent();
|   ;
|   return 0;
| }
configure:7576: result: no
configure:7629: checking for ld used by GCC
configure:7693: result: /usr/bin/ld
configure:7700: checking if the linker (/usr/bin/ld) is GNU ld
configure:7713: result: yes
configure:7720: checking for shared library run path origin
configure:7733: result: done
configure:8139: checking for ptrdiff_t
configure:8139: gcc -c -g -O2 -Wall  conftest.c >&5
configure:8139: $? = 0
configure:8139: gcc -c -g -O2 -Wall  conftest.c >&5
conftest.c: In function 'main':
conftest.c:95:24: error: expected expression before ')' token
configure:8139: $? = 1
configure: failed program was:
| /* confdefs.h */
| #define PACKAGE_NAME ""
| #define PACKAGE_TARNAME ""
| #define PACKAGE_VERSION ""
| #define PACKAGE_STRING ""
| #define PACKAGE_BUGREPORT ""
| #define PACKAGE_URL ""
| #define PACKAGE "ccrypt"
| #define VERSION "1.10"
| #define NAMECCRYPT "ccrypt"
| #define NAMEENCRYPT "ccencrypt"
| #define NAMEDECRYPT "ccdecrypt"
| #define NAMECAT "ccat"
| #define SUF ".cpt"
| #define STDC_HEADERS 1
| #define HAVE_SYS_TYPES_H 1
| #define HAVE_SYS_STAT_H 1
| #define HAVE_STDLIB_H 1
| #define HAVE_STRING_H 1
| #define HAVE_MEMORY_H 1
| #define HAVE_STRINGS_H 1
| #define HAVE_INTTYPES_H 1
| #define HAVE_STDINT_H 1
| #define HAVE_UNISTD_H 1
| #define __EXTENSIONS__ 1
| #define _ALL_SOURCE 1
| #define _GNU_SOURCE 1
| #define _POSIX_PTHREAD_SEMANTICS 1
| #define _TANDEM_SOURCE 1
| #define HAVE_LIBCRYPT 1
| #define HAVE_STDINT_H 1
| #define HAVE_CRYPT_H 1
| #define SIZEOF_UNSIGNED_INT 4
| #define SIZEOF_UNSIGNED_LONG 8
| #define UINT32_TYPE unsigned int
| #define GETTEXT_PACKAGE "ccrypt"
| #define HAVE_LONG_LONG 1
| #define HAVE_LONG_DOUBLE 1
| #define HAVE_WCHAR_T 1
| #define HAVE_WINT_T 1
| #define HAVE_INTTYPES_H_WITH_UINTMAX 1
| #define HAVE_STDINT_H_WITH_UINTMAX 1
| #define HAVE_INTMAX_T 1
| #define HAVE_POSIX_PRINTF 1
| #define HAVE_ALLOCA_H 1
| #define HAVE_ALLOCA 1
| #define HAVE_STDLIB_H 1
| #define HAVE_UNISTD_H 1
| #define HAVE_SYS_PARAM_H 1
| #define HAVE_GETPAGESIZE 1
| #define HAVE_MMAP 1
| #define INTDIV0_RAISES_SIGFPE 1
| #define HAVE_UNSIGNED_LONG_LONG 1
| #define HAVE_UINTMAX_T 1
| #define HAVE_INTTYPES_H 1
| #define HAVE_STDINT_H 1
| #define HAVE_STDINT_H 1
| /* end confdefs.h.  */
| #include <stdio.h>
| #ifdef HAVE_SYS_TYPES_H
| # include <sys/types.h>
| #endif
| #ifdef HAVE_SYS_STAT_H
| # include <sys/stat.h>
| #endif
| #ifdef STDC_HEADERS
| # include <stdlib.h>
| # include <stddef.h>
| #else
| # ifdef HAVE_STDLIB_H
| #  include <stdlib.h>
| # endif
| #endif
| #ifdef HAVE_STRING_H
| # if !defined STDC_HEADERS && defined HAVE_MEMORY_H
| #  include <memory.h>
| # endif
| # include <string.h>
| #endif
| #ifdef HAVE_STRINGS_H
| # include <strings.h>
| #endif
| #ifdef HAVE_INTTYPES_H
| # include <inttypes.h>
| #endif
| #ifdef HAVE_STDINT_H
| # include <stdint.h>
| #endif
| #ifdef HAVE_UNISTD_H
| # include <unistd.h>
| #endif
| int
| main ()
| {
| if (sizeof ((ptrdiff_t)))
| 	    return 0;
|   ;
|   return 0;
| }
configure:8139: result: yes
configure:8153: checking argz.h usability
configure:8153: gcc -c -g -O2 -Wall  conftest.c >&5
configure:8153: $? = 0
configure:8153: result: yes
configure:8153: checking argz.h presence
configure:8153: gcc -E  conftest.c
configure:8153: $? = 0
configure:8153: result: yes
configure:8153: checking for argz.h
configure:8153: result: yes
configure:8153: checking limits.h usability
configure:8153: gcc -c -g -O2 -Wall  conftest.c >&5
configure:8153: $? = 0
configure:8153: result: yes
configure:8153: checking limits.h presence
configure:8153: gcc -E  conftest.c
configure:8153: $? = 0
configure:8153: result: yes
configure:8153: checking for limits.h
configure:8153: result: yes
configure:8153: checking locale.h usability
configure:8153: gcc -c -g -O2 -Wall  conftest.c >&5
configure:8153: $? = 0
configure:8153: result: yes
configure:8153: checking locale.h presence
configure:8153: gcc -E  conftest.c
configure:8153: $? = 0
configure:8153: result: yes
configure:8153: checking for locale.h
configure:8153: result: yes
configure:8153: checking nl_types.h usability
configure:8153: gcc -c -g -O2 -Wall  conftest.c >&5
configure:8153: $? = 0
configure:8153: result: yes
configure:8153: checking nl_types.h presence
configure:8153: gcc -E  conftest.c
configure:8153: $? = 0
configure:8153: result: yes
configure:8153: checking for nl_types.h
configure:8153: result: yes
configure:8153: checking malloc.h usability
configure:8153: gcc -c -g -O2 -Wall  conftest.c >&5
configure:8153: $? = 0
configure:8153: result: yes
configure:8153: checking malloc.h presence
configure:8153: gcc -E  conftest.c
configure:8153: $? = 0
configure:8153: result: yes
configure:8153: checking for malloc.h
configure:8153: result: yes
configure:8153: checking stddef.h usability
configure:8153: gcc -c -g -O2 -Wall  conftest.c >&5
configure:8153: $? = 0
configure:8153: result: yes
configure:8153: checking stddef.h presence
configure:8153: gcc -E  conftest.c
configure:8153: $? = 0
configure:8153: result: yes
configure:8153: checking for stddef.h
configure:8153: result: yes
configure:8153: checking for stdlib.h
configure:8153: result: yes
configure:8153: checking for string.h
configure:8153: result: yes
configure:8153: checking for unistd.h
configure:8153: result: yes
configure:8153: checking for sys/param.h
configure:8153: result: yes
configure:8169: checking for asprintf
configure:8169: gcc -o conftest -g -O2 -Wall   conftest.c -lcrypt  >&5
configure:8169: $? = 0
configure:8169: result: yes
configure:8169: checking for fwprintf
configure:8169: gcc -o conftest -g -O2 -Wall   conftest.c -lcrypt  >&5
configure:8169: $? = 0
configure:8169: result: yes
configure:8169: checking for getcwd
configure:8169: gcc -o conftest -g -O2 -Wall   conftest.c -lcrypt  >&5
configure:8169: $? = 0
configure:8169: result: yes
configure:8169: checking for getegid
configure:8169: gcc -o conftest -g -O2 -Wall   conftest.c -lcrypt  >&5
configure:8169: $? = 0
configure:8169: result: yes
configure:8169: checking for geteuid
configure:8169: gcc -o conftest -g -O2 -Wall   conftest.c -lcrypt  >&5
configure:8169: $? = 0
configure:8169: result: yes
configure:8169: checking for getgid
configure:8169: gcc -o conftest -g -O2 -Wall   conftest.c -lcrypt  >&5
configure:8169: $? = 0
configure:8169: result: yes
configure:8169: checking for getuid
configure:8169: gcc -o conftest -g -O2 -Wall   conftest.c -lcrypt  >&5
configure:8169: $? = 0
configure:8169: result: yes
configure:8169: checking for mempcpy
configure:8169: gcc -o conftest -g -O2 -Wall   conftest.c -lcrypt  >&5
conftest.c:99:6: warning: conflicting types for built-in function 'mempcpy' [enabled by default]
configure:8169: $? = 0
configure:8169: result: yes
configure:8169: checking for munmap
configure:8169: gcc -o conftest -g -O2 -Wall   conftest.c -lcrypt  >&5
configure:8169: $? = 0
configure:8169: result: yes
configure:8169: checking for putenv
configure:8169: gcc -o conftest -g -O2 -Wall   conftest.c -lcrypt  >&5
configure:8169: $? = 0
configure:8169: result: yes
configure:8169: checking for setenv
configure:8169: gcc -o conftest -g -O2 -Wall   conftest.c -lcrypt  >&5
configure:8169: $? = 0
configure:8169: result: yes
configure:8169: checking for setlocale
configure:8169: gcc -o conftest -g -O2 -Wall   conftest.c -lcrypt  >&5
configure:8169: $? = 0
configure:8169: result: yes
configure:8169: checking for snprintf
configure:8169: gcc -o conftest -g -O2 -Wall   conftest.c -lcrypt  >&5
conftest.c:104:6: warning: conflicting types for built-in function 'snprintf' [enabled by default]
configure:8169: $? = 0
configure:8169: result: yes
configure:8169: checking for stpcpy
configure:8169: gcc -o conftest -g -O2 -Wall   conftest.c -lcrypt  >&5
conftest.c:105:6: warning: conflicting types for built-in function 'stpcpy' [enabled by default]
configure:8169: $? = 0
configure:8169: result: yes
configure:8169: checking for strcasecmp
configure:8169: gcc -o conftest -g -O2 -Wall   conftest.c -lcrypt  >&5
conftest.c:106:6: warning: conflicting types for built-in function 'strcasecmp' [enabled by default]
configure:8169: $? = 0
configure:8169: result: yes
configure:8169: checking for strdup
configure:8169: gcc -o conftest -g -O2 -Wall   conftest.c -lcrypt  >&5
conftest.c:107:6: warning: conflicting types for built-in function 'strdup' [enabled by default]
configure:8169: $? = 0
configure:8169: result: yes
configure:8169: checking for strtoul
configure:8169: gcc -o conftest -g -O2 -Wall   conftest.c -lcrypt  >&5
configure:8169: $? = 0
configure:8169: result: yes
configure:8169: checking for tsearch
configure:8169: gcc -o conftest -g -O2 -Wall   conftest.c -lcrypt  >&5
configure:8169: $? = 0
configure:8169: result: yes
configure:8169: checking for wcslen
configure:8169: gcc -o conftest -g -O2 -Wall   conftest.c -lcrypt  >&5
configure:8169: $? = 0
configure:8169: result: yes
configure:8169: checking for __argz_count
configure:8169: gcc -o conftest -g -O2 -Wall   conftest.c -lcrypt  >&5
configure:8169: $? = 0
configure:8169: result: yes
configure:8169: checking for __argz_stringify
configure:8169: gcc -o conftest -g -O2 -Wall   conftest.c -lcrypt  >&5
configure:8169: $? = 0
configure:8169: result: yes
configure:8169: checking for __argz_next
configure:8169: gcc -o conftest -g -O2 -Wall   conftest.c -lcrypt  >&5
configure:8169: $? = 0
configure:8169: result: yes
configure:8169: checking for __fsetlocking
configure:8169: gcc -o conftest -g -O2 -Wall   conftest.c -lcrypt  >&5
configure:8169: $? = 0
configure:8169: result: yes
configure:8180: checking whether _snprintf is declared
configure:8200: gcc -c -g -O2 -Wall  conftest.c >&5
conftest.c: In function 'main':
conftest.c:98:22: error: '_snprintf' undeclared (first use in this function)
conftest.c:98:22: note: each undeclared identifier is reported only once for each function it appears in
conftest.c:98:9: warning: unused variable 'p' [-Wunused-variable]
configure:8200: $? = 1
configure: failed program was:
| /* confdefs.h */
| #define PACKAGE_NAME ""
| #define PACKAGE_TARNAME ""
| #define PACKAGE_VERSION ""
| #define PACKAGE_STRING ""
| #define PACKAGE_BUGREPORT ""
| #define PACKAGE_URL ""
| #define PACKAGE "ccrypt"
| #define VERSION "1.10"
| #define NAMECCRYPT "ccrypt"
| #define NAMEENCRYPT "ccencrypt"
| #define NAMEDECRYPT "ccdecrypt"
| #define NAMECAT "ccat"
| #define SUF ".cpt"
| #define STDC_HEADERS 1
| #define HAVE_SYS_TYPES_H 1
| #define HAVE_SYS_STAT_H 1
| #define HAVE_STDLIB_H 1
| #define HAVE_STRING_H 1
| #define HAVE_MEMORY_H 1
| #define HAVE_STRINGS_H 1
| #define HAVE_INTTYPES_H 1
| #define HAVE_STDINT_H 1
| #define HAVE_UNISTD_H 1
| #define __EXTENSIONS__ 1
| #define _ALL_SOURCE 1
| #define _GNU_SOURCE 1
| #define _POSIX_PTHREAD_SEMANTICS 1
| #define _TANDEM_SOURCE 1
| #define HAVE_LIBCRYPT 1
| #define HAVE_STDINT_H 1
| #define HAVE_CRYPT_H 1
| #define SIZEOF_UNSIGNED_INT 4
| #define SIZEOF_UNSIGNED_LONG 8
| #define UINT32_TYPE unsigned int
| #define GETTEXT_PACKAGE "ccrypt"
| #define HAVE_LONG_LONG 1
| #define HAVE_LONG_DOUBLE 1
| #define HAVE_WCHAR_T 1
| #define HAVE_WINT_T 1
| #define HAVE_INTTYPES_H_WITH_UINTMAX 1
| #define HAVE_STDINT_H_WITH_UINTMAX 1
| #define HAVE_INTMAX_T 1
| #define HAVE_POSIX_PRINTF 1
| #define HAVE_ALLOCA_H 1
| #define HAVE_ALLOCA 1
| #define HAVE_STDLIB_H 1
| #define HAVE_UNISTD_H 1
| #define HAVE_SYS_PARAM_H 1
| #define HAVE_GETPAGESIZE 1
| #define HAVE_MMAP 1
| #define INTDIV0_RAISES_SIGFPE 1
| #define HAVE_UNSIGNED_LONG_LONG 1
| #define HAVE_UINTMAX_T 1
| #define HAVE_INTTYPES_H 1
| #define HAVE_STDINT_H 1
| #define HAVE_STDINT_H 1
| #define HAVE_ARGZ_H 1
| #define HAVE_LIMITS_H 1
| #define HAVE_LOCALE_H 1
| #define HAVE_NL_TYPES_H 1
| #define HAVE_MALLOC_H 1
| #define HAVE_STDDEF_H 1
| #define HAVE_STDLIB_H 1
| #define HAVE_STRING_H 1
| #define HAVE_UNISTD_H 1
| #define HAVE_SYS_PARAM_H 1
| #define HAVE_ASPRINTF 1
| #define HAVE_FWPRINTF 1
| #define HAVE_GETCWD 1
| #define HAVE_GETEGID 1
| #define HAVE_GETEUID 1
| #define HAVE_GETGID 1
| #define HAVE_GETUID 1
| #define HAVE_MEMPCPY 1
| #define HAVE_MUNMAP 1
| #define HAVE_PUTENV 1
| #define HAVE_SETENV 1
| #define HAVE_SETLOCALE 1
| #define HAVE_SNPRINTF 1
| #define HAVE_STPCPY 1
| #define HAVE_STRCASECMP 1
| #define HAVE_STRDUP 1
| #define HAVE_STRTOUL 1
| #define HAVE_TSEARCH 1
| #define HAVE_WCSLEN 1
| #define HAVE___ARGZ_COUNT 1
| #define HAVE___ARGZ_STRINGIFY 1
| #define HAVE___ARGZ_NEXT 1
| #define HAVE___FSETLOCKING 1
| /* end confdefs.h.  */
| #include <stdio.h>
| int
| main ()
| {
| 
| #ifndef _snprintf
|   char *p = (char *) _snprintf;
| #endif
| 
|   ;
|   return 0;
| }
configure:8207: result: no
configure:8221: checking whether _snwprintf is declared
configure:8241: gcc -c -g -O2 -Wall  conftest.c >&5
conftest.c: In function 'main':
conftest.c:99:22: error: '_snwprintf' undeclared (first use in this function)
conftest.c:99:22: note: each undeclared identifier is reported only once for each function it appears in
conftest.c:99:9: warning: unused variable 'p' [-Wunused-variable]
configure:8241: $? = 1
configure: failed program was:
| /* confdefs.h */
| #define PACKAGE_NAME ""
| #define PACKAGE_TARNAME ""
| #define PACKAGE_VERSION ""
| #define PACKAGE_STRING ""
| #define PACKAGE_BUGREPORT ""
| #define PACKAGE_URL ""
| #define PACKAGE "ccrypt"
| #define VERSION "1.10"
| #define NAMECCRYPT "ccrypt"
| #define NAMEENCRYPT "ccencrypt"
| #define NAMEDECRYPT "ccdecrypt"
| #define NAMECAT "ccat"
| #define SUF ".cpt"
| #define STDC_HEADERS 1
| #define HAVE_SYS_TYPES_H 1
| #define HAVE_SYS_STAT_H 1
| #define HAVE_STDLIB_H 1
| #define HAVE_STRING_H 1
| #define HAVE_MEMORY_H 1
| #define HAVE_STRINGS_H 1
| #define HAVE_INTTYPES_H 1
| #define HAVE_STDINT_H 1
| #define HAVE_UNISTD_H 1
| #define __EXTENSIONS__ 1
| #define _ALL_SOURCE 1
| #define _GNU_SOURCE 1
| #define _POSIX_PTHREAD_SEMANTICS 1
| #define _TANDEM_SOURCE 1
| #define HAVE_LIBCRYPT 1
| #define HAVE_STDINT_H 1
| #define HAVE_CRYPT_H 1
| #define SIZEOF_UNSIGNED_INT 4
| #define SIZEOF_UNSIGNED_LONG 8
| #define UINT32_TYPE unsigned int
| #define GETTEXT_PACKAGE "ccrypt"
| #define HAVE_LONG_LONG 1
| #define HAVE_LONG_DOUBLE 1
| #define HAVE_WCHAR_T 1
| #define HAVE_WINT_T 1
| #define HAVE_INTTYPES_H_WITH_UINTMAX 1
| #define HAVE_STDINT_H_WITH_UINTMAX 1
| #define HAVE_INTMAX_T 1
| #define HAVE_POSIX_PRINTF 1
| #define HAVE_ALLOCA_H 1
| #define HAVE_ALLOCA 1
| #define HAVE_STDLIB_H 1
| #define HAVE_UNISTD_H 1
| #define HAVE_SYS_PARAM_H 1
| #define HAVE_GETPAGESIZE 1
| #define HAVE_MMAP 1
| #define INTDIV0_RAISES_SIGFPE 1
| #define HAVE_UNSIGNED_LONG_LONG 1
| #define HAVE_UINTMAX_T 1
| #define HAVE_INTTYPES_H 1
| #define HAVE_STDINT_H 1
| #define HAVE_STDINT_H 1
| #define HAVE_ARGZ_H 1
| #define HAVE_LIMITS_H 1
| #define HAVE_LOCALE_H 1
| #define HAVE_NL_TYPES_H 1
| #define HAVE_MALLOC_H 1
| #define HAVE_STDDEF_H 1
| #define HAVE_STDLIB_H 1
| #define HAVE_STRING_H 1
| #define HAVE_UNISTD_H 1
| #define HAVE_SYS_PARAM_H 1
| #define HAVE_ASPRINTF 1
| #define HAVE_FWPRINTF 1
| #define HAVE_GETCWD 1
| #define HAVE_GETEGID 1
| #define HAVE_GETEUID 1
| #define HAVE_GETGID 1
| #define HAVE_GETUID 1
| #define HAVE_MEMPCPY 1
| #define HAVE_MUNMAP 1
| #define HAVE_PUTENV 1
| #define HAVE_SETENV 1
| #define HAVE_SETLOCALE 1
| #define HAVE_SNPRINTF 1
| #define HAVE_STPCPY 1
| #define HAVE_STRCASECMP 1
| #define HAVE_STRDUP 1
| #define HAVE_STRTOUL 1
| #define HAVE_TSEARCH 1
| #define HAVE_WCSLEN 1
| #define HAVE___ARGZ_COUNT 1
| #define HAVE___ARGZ_STRINGIFY 1
| #define HAVE___ARGZ_NEXT 1
| #define HAVE___FSETLOCKING 1
| #define HAVE_DECL__SNPRINTF 0
| /* end confdefs.h.  */
| #include <stdio.h>
| int
| main ()
| {
| 
| #ifndef _snwprintf
|   char *p = (char *) _snwprintf;
| #endif
| 
|   ;
|   return 0;
| }
configure:8248: result: no
configure:8263: checking whether feof_unlocked is declared
configure:8283: gcc -c -g -O2 -Wall  conftest.c >&5
conftest.c: In function 'main':
conftest.c:100:9: warning: unused variable 'p' [-Wunused-variable]
configure:8283: $? = 0
configure:8290: result: yes
configure:8304: checking whether fgets_unlocked is declared
configure:8324: gcc -c -g -O2 -Wall  conftest.c >&5
conftest.c: In function 'main':
conftest.c:101:9: warning: unused variable 'p' [-Wunused-variable]
configure:8324: $? = 0
configure:8331: result: yes
configure:8345: checking whether getc_unlocked is declared
configure:8365: gcc -c -g -O2 -Wall  conftest.c >&5
conftest.c: In function 'main':
conftest.c:102:9: warning: unused variable 'p' [-Wunused-variable]
configure:8365: $? = 0
configure:8372: result: yes
configure:8440: checking for iconv
configure:8462: gcc -o conftest -g -O2 -Wall   conftest.c -lcrypt  >&5
configure:8462: $? = 0
configure:8494: result: yes
configure:8515: checking for iconv declaration
configure:8544: gcc -c -g -O2 -Wall  conftest.c >&5
configure:8544: $? = 0
configure:8555: result: 
         extern size_t iconv (iconv_t cd, char * *inbuf, size_t *inbytesleft, char * *outbuf, size_t *outbytesleft);
configure:8566: checking for nl_langinfo and CODESET
configure:8582: gcc -o conftest -g -O2 -Wall   conftest.c -lcrypt  >&5
conftest.c: In function 'main':
conftest.c:103:7: warning: unused variable 'cs' [-Wunused-variable]
configure:8582: $? = 0
configure:8591: result: yes
configure:8601: checking for LC_MESSAGES
configure:8617: gcc -o conftest -g -O2 -Wall   conftest.c -lcrypt  >&5
configure:8617: $? = 0
configure:8625: result: yes
configure:8643: checking for bison
configure:8659: found /usr/bin/bison
configure:8670: result: bison
configure:8684: checking version of bison
configure:8693: result: 2.5, ok
configure:8715: checking for CFPreferencesCopyAppValue
configure:8745: result: no
configure:8752: checking for CFLocaleCopyCurrent
configure:8782: result: no
configure:8797: checking whether NLS is requested
configure:8806: result: yes
configure:8822: checking whether included gettext is requested
configure:8832: result: no
configure:8843: checking for GNU gettext in libc
configure:8862: gcc -o conftest -g -O2 -Wall   conftest.c -lcrypt  >&5
conftest.c: In function 'main':
conftest.c:108:8: warning: cast from pointer to integer of different size [-Wpointer-to-int-cast]
configure:8862: $? = 0
configure:8870: result: yes
configure:9373: checking whether to use NLS
configure:9375: result: yes
configure:9378: checking where the gettext function comes from
configure:9389: result: libc
configure:9525: checking how to print strings
configure:9552: result: printf
configure:9573: checking for a sed that does not truncate output
configure:9637: result: /bin/sed
configure:9655: checking for fgrep
configure:9717: result: /bin/grep -F
configure:9752: checking for ld used by gcc
configure:9819: result: /usr/bin/ld
configure:9826: checking if the linker (/usr/bin/ld) is GNU ld
configure:9841: result: yes
configure:9853: checking for BSD- or MS-compatible name lister (nm)
configure:9902: result: /usr/bin/nm -B
configure:10032: checking the name lister (/usr/bin/nm -B) interface
configure:10039: gcc -c -g -O2 -Wall  conftest.c >&5
configure:10042: /usr/bin/nm -B "conftest.o"
configure:10045: output
0000000000000000 B some_variable
configure:10052: result: BSD nm
configure:10055: checking whether ln -s works
configure:10059: result: yes
configure:10067: checking the maximum length of command line arguments
configure:10192: result: 1572864
configure:10209: checking whether the shell understands some XSI constructs
configure:10219: result: yes
configure:10223: checking whether the shell understands "+="
configure:10229: result: yes
configure:10264: checking how to convert x86_64-unknown-linux-gnu file names to x86_64-unknown-linux-gnu format
configure:10304: result: func_convert_file_noop
configure:10311: checking how to convert x86_64-unknown-linux-gnu file names to toolchain format
configure:10331: result: func_convert_file_noop
configure:10338: checking for /usr/bin/ld option to reload object files
configure:10345: result: -r
configure:10419: checking for objdump
configure:10435: found /usr/bin/objdump
configure:10446: result: objdump
configure:10478: checking how to recognize dependent libraries
configure:10680: result: pass_all
configure:10765: checking for dlltool
configure:10795: result: no
configure:10825: checking how to associate runtime and link libraries
configure:10852: result: printf %s\n
configure:10912: checking for ar
configure:10928: found /usr/bin/ar
configure:10939: result: ar
configure:10976: checking for archiver @FILE support
configure:10993: gcc -c -g -O2 -Wall  conftest.c >&5
configure:10993: $? = 0
configure:10996: ar cru libconftest.a @conftest.lst >&5
configure:10999: $? = 0
configure:11004: ar cru libconftest.a @conftest.lst >&5
ar: conftest.o: No such file or directory
configure:11007: $? = 1
configure:11019: result: @
configure:11077: checking for strip
configure:11093: found /usr/bin/strip
configure:11104: result: strip
configure:11176: checking for ranlib
configure:11203: result: ranlib
configure:11305: checking command to parse /usr/bin/nm -B output from gcc object
configure:11424: gcc -c -g -O2 -Wall  conftest.c >&5
configure:11427: $? = 0
configure:11431: /usr/bin/nm -B conftest.o \| sed -n -e 's/^.*[ ]\([ABCDGIRSTW][ABCDGIRSTW]*\)[ ][ ]*\([_A-Za-z][_A-Za-z0-9]*\)$/\1 \2 \2/p' | sed '/ __gnu_lto/d' \> conftest.nm
configure:11434: $? = 0
configure:11500: gcc -o conftest -g -O2 -Wall   conftest.c conftstm.o >&5
configure:11503: $? = 0
configure:11541: result: ok
configure:11578: checking for sysroot
configure:11608: result: no
configure:11685: gcc -c -g -O2 -Wall  conftest.c >&5
configure:11688: $? = 0
configure:11851: checking for mt
configure:11867: found /bin/mt
configure:11878: result: mt
configure:11901: checking if mt is a manifest tool
configure:11907: mt '-?'
configure:11915: result: no
configure:12544: checking for dlfcn.h
configure:12544: gcc -c -g -O2 -Wall  conftest.c >&5
configure:12544: $? = 0
configure:12544: result: yes
configure:12731: checking for objdir
configure:12746: result: .libs
configure:13017: checking if gcc supports -fno-rtti -fno-exceptions
configure:13035: gcc -c -g -O2 -Wall  -fno-rtti -fno-exceptions conftest.c >&5
cc1: warning: command line option '-fno-rtti' is valid for C++/ObjC++ but not for C [enabled by default]
configure:13039: $? = 0
configure:13052: result: no
configure:13362: checking for gcc option to produce PIC
configure:13369: result: -fPIC -DPIC
configure:13377: checking if gcc PIC flag -fPIC -DPIC works
configure:13395: gcc -c -g -O2 -Wall  -fPIC -DPIC -DPIC conftest.c >&5
configure:13399: $? = 0
configure:13412: result: yes
configure:13441: checking if gcc static flag -static works
configure:13469: result: yes
configure:13484: checking if gcc supports -c -o file.o
configure:13505: gcc -c -g -O2 -Wall  -o out/conftest2.o conftest.c >&5
configure:13509: $? = 0
configure:13531: result: yes
configure:13539: checking if gcc supports -c -o file.o
configure:13586: result: yes
configure:13619: checking whether the gcc linker (/usr/bin/ld -m elf_x86_64) supports shared libraries
configure:14781: result: yes
configure:14818: checking whether -lc should be explicitly linked in
configure:14826: gcc -c -g -O2 -Wall  conftest.c >&5
configure:14829: $? = 0
configure:14844: gcc -shared  -fPIC -DPIC conftest.o  -v -Wl,-soname -Wl,conftest -o conftest 2\>\&1 \| /bin/grep  -lc  \>/dev/null 2\>\&1
configure:14847: $? = 0
configure:14861: result: no
configure:15026: checking dynamic linker characteristics
configure:15541: gcc -o conftest -g -O2 -Wall   -Wl,-rpath -Wl,/foo conftest.c -lcrypt  >&5
configure:15541: $? = 0
configure:15775: result: GNU/Linux ld.so
configure:15882: checking how to hardcode library paths into programs
configure:15907: result: immediate
configure:16447: checking whether stripping libraries is possible
configure:16452: result: yes
configure:16487: checking if libtool supports shared libraries
configure:16489: result: yes
configure:16492: checking whether to build shared libraries
configure:16513: result: yes
configure:16516: checking whether to build static libraries
configure:16520: result: yes
configure:16706: creating ./config.status

## ---------------------- ##
## Running config.status. ##
## ---------------------- ##

This file was extended by config.status, which was
generated by GNU Autoconf 2.68.  Invocation command line was

  CONFIG_FILES    = 
  CONFIG_HEADERS  = 
  CONFIG_LINKS    = 
  CONFIG_COMMANDS = 
  $ ./config.status 

on appling

config.status:1231: creating doc/ccrypt.1
config.status:1231: creating doc/ccguess.1
config.status:1231: creating po/Makefile.in
config.status:1231: creating m4/Makefile
config.status:1231: creating intl/Makefile
config.status:1339: WARNING:  'intl/Makefile.in' seems to ignore the --datarootdir setting
config.status:1231: creating Makefile
config.status:1231: creating src/Makefile
config.status:1231: creating emacs/Makefile
config.status:1231: creating check/Makefile
config.status:1231: creating doc/Makefile
config.status:1231: creating config.h
config.status:1460: executing depfiles commands
config.status:1460: executing default-1 commands
config.status:1460: executing libtool commands
config.status:1460: executing po/stamp-it commands

## ---------------- ##
## Cache variables. ##
## ---------------- ##

ac_cv_build=x86_64-unknown-linux-gnu
ac_cv_c_compiler_gnu=yes
ac_cv_c_const=yes
ac_cv_c_inline=inline
ac_cv_env_CC_set=
ac_cv_env_CC_value=
ac_cv_env_CFLAGS_set=
ac_cv_env_CFLAGS_value=
ac_cv_env_CPPFLAGS_set=
ac_cv_env_CPPFLAGS_value=
ac_cv_env_CPP_set=
ac_cv_env_CPP_value=
ac_cv_env_EMACSLOADPATH_set=
ac_cv_env_EMACSLOADPATH_value=
ac_cv_env_EMACS_set=
ac_cv_env_EMACS_value=
ac_cv_env_LDFLAGS_set=
ac_cv_env_LDFLAGS_value=
ac_cv_env_LIBS_set=
ac_cv_env_LIBS_value=
ac_cv_env_build_alias_set=
ac_cv_env_build_alias_value=
ac_cv_env_host_alias_set=
ac_cv_env_host_alias_value=
ac_cv_env_target_alias_set=
ac_cv_env_target_alias_value=
ac_cv_func___argz_count=yes
ac_cv_func___argz_next=yes
ac_cv_func___argz_stringify=yes
ac_cv_func___fsetlocking=yes
ac_cv_func_alloca_works=yes
ac_cv_func_asprintf=yes
ac_cv_func_fwprintf=yes
ac_cv_func_getcwd=yes
ac_cv_func_getegid=yes
ac_cv_func_geteuid=yes
ac_cv_func_getgid=yes
ac_cv_func_getopt_long=yes
ac_cv_func_getpagesize=yes
ac_cv_func_getuid=yes
ac_cv_func_mempcpy=yes
ac_cv_func_mmap_fixed_mapped=yes
ac_cv_func_munmap=yes
ac_cv_func_putenv=yes
ac_cv_func_setenv=yes
ac_cv_func_setlocale=yes
ac_cv_func_snprintf=yes
ac_cv_func_stpcpy=yes
ac_cv_func_strcasecmp=yes
ac_cv_func_strdup=yes
ac_cv_func_strtoul=yes
ac_cv_func_tsearch=yes
ac_cv_func_wcslen=yes
ac_cv_gnu_library_2=yes
ac_cv_gnu_library_2_1=yes
ac_cv_have_decl__snprintf=no
ac_cv_have_decl__snwprintf=no
ac_cv_have_decl_feof_unlocked=yes
ac_cv_have_decl_fgets_unlocked=yes
ac_cv_have_decl_getc_unlocked=yes
ac_cv_header_argz_h=yes
ac_cv_header_crypt_h=yes
ac_cv_header_dlfcn_h=yes
ac_cv_header_inttypes_h=yes
ac_cv_header_limits_h=yes
ac_cv_header_locale_h=yes
ac_cv_header_malloc_h=yes
ac_cv_header_memory_h=yes
ac_cv_header_minix_config_h=no
ac_cv_header_nl_types_h=yes
ac_cv_header_stdc=yes
ac_cv_header_stddef_h=yes
ac_cv_header_stdint_h=yes
ac_cv_header_stdlib_h=yes
ac_cv_header_string_h=yes
ac_cv_header_strings_h=yes
ac_cv_header_sys_param_h=yes
ac_cv_header_sys_stat_h=yes
ac_cv_header_sys_types_h=yes
ac_cv_header_unistd_h=yes
ac_cv_host=x86_64-unknown-linux-gnu
ac_cv_lib_cposix_strerror=no
ac_cv_lib_crypt_crypt=yes
ac_cv_lib_socket_gethostname=no
ac_cv_objext=o
ac_cv_path_EGREP='/bin/grep -E'
ac_cv_path_FGREP='/bin/grep -F'
ac_cv_path_GMSGFMT=/usr/bin/msgfmt
ac_cv_path_GREP=/bin/grep
ac_cv_path_MSGFMT=/usr/bin/msgfmt
ac_cv_path_MSGMERGE=/usr/bin/msgmerge
ac_cv_path_SED=/bin/sed
ac_cv_path_XGETTEXT=/usr/bin/xgettext
ac_cv_path_install='/usr/bin/install -c'
ac_cv_path_mkdir=/bin/mkdir
ac_cv_prog_AWK=gawk
ac_cv_prog_CPP='gcc -E'
ac_cv_prog_EMACS=emacs
ac_cv_prog_INTLBISON=bison
ac_cv_prog_ac_ct_AR=ar
ac_cv_prog_ac_ct_CC=gcc
ac_cv_prog_ac_ct_MANIFEST_TOOL=mt
ac_cv_prog_ac_ct_OBJDUMP=objdump
ac_cv_prog_ac_ct_RANLIB=ranlib
ac_cv_prog_ac_ct_STRIP=strip
ac_cv_prog_cc_c89=
ac_cv_prog_cc_g=yes
ac_cv_prog_make_make_set=yes
ac_cv_safe_to_define___extensions__=yes
ac_cv_sizeof_unsigned_int=4
ac_cv_sizeof_unsigned_long=8
ac_cv_sys_file_offset_bits=no
ac_cv_sys_largefile_CC=no
ac_cv_type_long_long=yes
ac_cv_type_off_t=yes
ac_cv_type_ptrdiff_t=yes
ac_cv_type_size_t=yes
ac_cv_type_unsigned_long_long=yes
ac_cv_working_alloca_h=yes
acl_cv_hardcode_direct=no
acl_cv_hardcode_libdir_flag_spec='${wl}-rpath ${wl}$libdir'
acl_cv_hardcode_libdir_separator=
acl_cv_hardcode_minus_L=no
acl_cv_libext=a
acl_cv_path_LD=/usr/bin/ld
acl_cv_prog_gnu_ld=yes
acl_cv_rpath=done
acl_cv_shlibext=so
acl_cv_wl=-Wl,
am_cv_CC_dependencies_compiler_type=gcc3
am_cv_func_iconv=yes
am_cv_langinfo_codeset=yes
am_cv_lib_iconv=no
am_cv_lispdir='${datarootdir}/emacs/site-lisp'
am_cv_proto_iconv='extern size_t iconv (iconv_t cd, char * *inbuf, size_t *inbytesleft, char * *outbuf, size_t *outbytesleft);'
am_cv_proto_iconv_arg1=
bh_cv_c_signed=yes
gl_cv_header_inttypes_h=yes
gl_cv_header_stdint_h=yes
gt_cv_c_intmax_t=yes
gt_cv_c_long_double=yes
gt_cv_c_wchar_t=yes
gt_cv_c_wint_t=yes
gt_cv_func_CFLocaleCopyCurrent=no
gt_cv_func_CFPreferencesCopyAppValue=no
gt_cv_func_gnugettext1_libc=yes
gt_cv_func_printf_posix=yes
gt_cv_header_inttypes_h=yes
gt_cv_int_divbyzero_sigfpe=yes
gt_cv_inttypes_pri_broken=no
gt_cv_val_LC_MESSAGES=yes
lt_cv_ar_at_file=@
lt_cv_archive_cmds_need_lc=no
lt_cv_deplibs_check_method=pass_all
lt_cv_file_magic_cmd='$MAGIC_CMD'
lt_cv_file_magic_test_file=
lt_cv_ld_reload_flag=-r
lt_cv_nm_interface='BSD nm'
lt_cv_objdir=.libs
lt_cv_path_LD=/usr/bin/ld
lt_cv_path_NM='/usr/bin/nm -B'
lt_cv_path_mainfest_tool=no
lt_cv_prog_compiler_c_o=yes
lt_cv_prog_compiler_pic='-fPIC -DPIC'
lt_cv_prog_compiler_pic_works=yes
lt_cv_prog_compiler_rtti_exceptions=no
lt_cv_prog_compiler_static_works=yes
lt_cv_prog_gnu_ld=yes
lt_cv_sharedlib_from_linklib_cmd='printf %s\n'
lt_cv_shlibpath_overrides_runpath=no
lt_cv_sys_global_symbol_pipe='sed -n -e '\''s/^.*[	 ]\([ABCDGIRSTW][ABCDGIRSTW]*\)[	 ][	 ]*\([_A-Za-z][_A-Za-z0-9]*\)$/\1 \2 \2/p'\'' | sed '\''/ __gnu_lto/d'\'''
lt_cv_sys_global_symbol_to_c_name_address='sed -n -e '\''s/^: \([^ ]*\)[ ]*$/  {\"\1\", (void *) 0},/p'\'' -e '\''s/^[ABCDGIRSTW]* \([^ ]*\) \([^ ]*\)$/  {"\2", (void *) \&\2},/p'\'''
lt_cv_sys_global_symbol_to_c_name_address_lib_prefix='sed -n -e '\''s/^: \([^ ]*\)[ ]*$/  {\"\1\", (void *) 0},/p'\'' -e '\''s/^[ABCDGIRSTW]* \([^ ]*\) \(lib[^ ]*\)$/  {"\2", (void *) \&\2},/p'\'' -e '\''s/^[ABCDGIRSTW]* \([^ ]*\) \([^ ]*\)$/  {"lib\2", (void *) \&\2},/p'\'''
lt_cv_sys_global_symbol_to_cdecl='sed -n -e '\''s/^T .* \(.*\)$/extern int \1();/p'\'' -e '\''s/^[ABCDGIRSTW]* .* \(.*\)$/extern char \1;/p'\'''
lt_cv_sys_max_cmd_len=1572864
lt_cv_to_host_file_cmd=func_convert_file_noop
lt_cv_to_tool_file_cmd=func_convert_file_noop
nls_cv_force_use_gnu_gettext=no
nls_cv_header_intl=
nls_cv_header_libgt=
nls_cv_use_gnu_gettext=no

## ----------------- ##
## Output variables. ##
## ----------------- ##

ACLOCAL='${SHELL} /home/wvangeit/src/ccrypt-1.10/missing --run aclocal-1.11'
ALLOCA=''
AMDEPBACKSLASH='\'
AMDEP_FALSE='#'
AMDEP_TRUE=''
AMTAR='${SHELL} /home/wvangeit/src/ccrypt-1.10/missing --run tar'
AR='ar'
AUTOCONF='${SHELL} /home/wvangeit/src/ccrypt-1.10/missing --run autoconf'
AUTOHEADER='${SHELL} /home/wvangeit/src/ccrypt-1.10/missing --run autoheader'
AUTOMAKE='${SHELL} /home/wvangeit/src/ccrypt-1.10/missing --run automake-1.11'
AWK='gawk'
BUILD_INCLUDED_LIBINTL='no'
CADD=''
CATOBJEXT='.gmo'
CC='gcc'
CCDEPMODE='depmode=gcc3'
CFLAGS='-g -O2 -Wall'
CPP='gcc -E'
CPPFLAGS=''
CYGPATH_W='echo'
DATADIRNAME='share'
DATE='October 2012'
DEFS='-DHAVE_CONFIG_H'
DEPDIR='.deps'
DLLTOOL='false'
DSYMUTIL=''
DUMPBIN=''
ECHO_C=''
ECHO_N='-n'
ECHO_T=''
EGREP='/bin/grep -E'
EMACS='emacs'
EMACSLOADPATH=''
EXEEXT=''
EXTRA_OBJS=''
FGREP='/bin/grep -F'
GENCAT='gencat'
GETTEXT_PACKAGE='ccrypt'
GLIBC21='yes'
GLIBC2='yes'
GMSGFMT='/usr/bin/msgfmt'
GREP='/bin/grep'
HAVE_ASPRINTF='1'
HAVE_POSIX_PRINTF='1'
HAVE_SNPRINTF='1'
HAVE_WPRINTF='0'
INSTALL_DATA='${INSTALL} -m 644'
INSTALL_PROGRAM='${INSTALL}'
INSTALL_SCRIPT='${INSTALL}'
INSTALL_STRIP_PROGRAM='$(install_sh) -c -s'
INSTOBJEXT='.mo'
INTLBISON='bison'
INTLLIBS=''
INTLOBJS=''
INTL_LIBTOOL_SUFFIX_PREFIX=''
INTL_MACOSX_LIBS=''
LD='/usr/bin/ld -m elf_x86_64'
LDFLAGS=''
LIBICONV=''
LIBINTL=''
LIBOBJS=''
LIBS='-lcrypt '
LIBTOOL='$(SHELL) $(top_builddir)/libtool'
LIPO=''
LN_S='ln -s'
LTLIBICONV=''
LTLIBINTL=''
LTLIBOBJS=''
MAKEINFO='${SHELL} /home/wvangeit/src/ccrypt-1.10/missing --run makeinfo'
MANIFEST_TOOL=':'
MKDIR_P='/bin/mkdir -p'
MKINSTALLDIRS='$(top_builddir)/./mkinstalldirs'
MSGFMT='/usr/bin/msgfmt'
MSGMERGE='/usr/bin/msgmerge'
NAMECAT='ccat'
NAMECCRYPT='ccrypt'
NAMEDECRYPT='ccdecrypt'
NAMEENCRYPT='ccencrypt'
NAMEUC='CCRYPT'
NM='/usr/bin/nm -B'
NMEDIT=''
OBJDUMP='objdump'
OBJEXT='o'
OTOOL64=''
OTOOL=''
PACKAGE='ccrypt'
PACKAGE_BUGREPORT=''
PACKAGE_NAME=''
PACKAGE_STRING=''
PACKAGE_TARNAME=''
PACKAGE_URL=''
PACKAGE_VERSION=''
PATH_SEPARATOR=':'
POSUB='po'
RANLIB='ranlib'
SED='/bin/sed'
SET_MAKE=''
SHELL='/bin/sh'
STRIP='strip'
SUF='.cpt'
TAR='tar'
USE_INCLUDED_LIBINTL='no'
USE_NLS='yes'
VERSION='1.10'
XGETTEXT='/usr/bin/xgettext'
ac_ct_AR='ar'
ac_ct_CC='gcc'
ac_ct_DUMPBIN=''
am__EXEEXT_FALSE=''
am__EXEEXT_TRUE='#'
am__fastdepCC_FALSE='#'
am__fastdepCC_TRUE=''
am__include='include'
am__isrc=''
am__leading_dot='.'
am__quote=''
am__tar='${AMTAR} chof - "$$tardir"'
am__untar='${AMTAR} xf -'
bindir='${exec_prefix}/bin'
build='x86_64-unknown-linux-gnu'
build_alias=''
build_cpu='x86_64'
build_os='linux-gnu'
build_vendor='unknown'
datadir='${datarootdir}'
datarootdir='${prefix}/share'
docdir='${datarootdir}/doc/${PACKAGE}'
dvidir='${docdir}'
exec_prefix='${prefix}'
host='x86_64-unknown-linux-gnu'
host_alias=''
host_cpu='x86_64'
host_os='linux-gnu'
host_vendor='unknown'
htmldir='${docdir}'
includedir='${prefix}/include'
infodir='${datarootdir}/info'
install_sh='${SHELL} /home/wvangeit/src/ccrypt-1.10/install-sh'
libdir='${exec_prefix}/lib'
libexecdir='${exec_prefix}/libexec'
lispdir='${datarootdir}/emacs/site-lisp'
localedir='${datarootdir}/locale'
localstatedir='${prefix}/var'
mandir='${datarootdir}/man'
mkdir_p='/bin/mkdir -p'
oldincludedir='/usr/include'
pdfdir='${docdir}'
prefix='/home/wvangeit/local/ccrypt'
program_transform_name='s,x,x,'
psdir='${docdir}'
sbindir='${exec_prefix}/sbin'
sharedstatedir='${prefix}/com'
sysconfdir='${prefix}/etc'
target_alias=''

## ----------- ##
## confdefs.h. ##
## ----------- ##

/* confdefs.h */
#define PACKAGE_NAME ""
#define PACKAGE_TARNAME ""
#define PACKAGE_VERSION ""
#define PACKAGE_STRING ""
#define PACKAGE_BUGREPORT ""
#define PACKAGE_URL ""
#define PACKAGE "ccrypt"
#define VERSION "1.10"
#define NAMECCRYPT "ccrypt"
#define NAMEENCRYPT "ccencrypt"
#define NAMEDECRYPT "ccdecrypt"
#define NAMECAT "ccat"
#define SUF ".cpt"
#define STDC_HEADERS 1
#define HAVE_SYS_TYPES_H 1
#define HAVE_SYS_STAT_H 1
#define HAVE_STDLIB_H 1
#define HAVE_STRING_H 1
#define HAVE_MEMORY_H 1
#define HAVE_STRINGS_H 1
#define HAVE_INTTYPES_H 1
#define HAVE_STDINT_H 1
#define HAVE_UNISTD_H 1
#define __EXTENSIONS__ 1
#define _ALL_SOURCE 1
#define _GNU_SOURCE 1
#define _POSIX_PTHREAD_SEMANTICS 1
#define _TANDEM_SOURCE 1
#define HAVE_LIBCRYPT 1
#define HAVE_STDINT_H 1
#define HAVE_CRYPT_H 1
#define SIZEOF_UNSIGNED_INT 4
#define SIZEOF_UNSIGNED_LONG 8
#define UINT32_TYPE unsigned int
#define GETTEXT_PACKAGE "ccrypt"
#define HAVE_LONG_LONG 1
#define HAVE_LONG_DOUBLE 1
#define HAVE_WCHAR_T 1
#define HAVE_WINT_T 1
#define HAVE_INTTYPES_H_WITH_UINTMAX 1
#define HAVE_STDINT_H_WITH_UINTMAX 1
#define HAVE_INTMAX_T 1
#define HAVE_POSIX_PRINTF 1
#define HAVE_ALLOCA_H 1
#define HAVE_ALLOCA 1
#define HAVE_STDLIB_H 1
#define HAVE_UNISTD_H 1
#define HAVE_SYS_PARAM_H 1
#define HAVE_GETPAGESIZE 1
#define HAVE_MMAP 1
#define INTDIV0_RAISES_SIGFPE 1
#define HAVE_UNSIGNED_LONG_LONG 1
#define HAVE_UINTMAX_T 1
#define HAVE_INTTYPES_H 1
#define HAVE_STDINT_H 1
#define HAVE_STDINT_H 1
#define HAVE_ARGZ_H 1
#define HAVE_LIMITS_H 1
#define HAVE_LOCALE_H 1
#define HAVE_NL_TYPES_H 1
#define HAVE_MALLOC_H 1
#define HAVE_STDDEF_H 1
#define HAVE_STDLIB_H 1
#define HAVE_STRING_H 1
#define HAVE_UNISTD_H 1
#define HAVE_SYS_PARAM_H 1
#define HAVE_ASPRINTF 1
#define HAVE_FWPRINTF 1
#define HAVE_GETCWD 1
#define HAVE_GETEGID 1
#define HAVE_GETEUID 1
#define HAVE_GETGID 1
#define HAVE_GETUID 1
#define HAVE_MEMPCPY 1
#define HAVE_MUNMAP 1
#define HAVE_PUTENV 1
#define HAVE_SETENV 1
#define HAVE_SETLOCALE 1
#define HAVE_SNPRINTF 1
#define HAVE_STPCPY 1
#define HAVE_STRCASECMP 1
#define HAVE_STRDUP 1
#define HAVE_STRTOUL 1
#define HAVE_TSEARCH 1
#define HAVE_WCSLEN 1
#define HAVE___ARGZ_COUNT 1
#define HAVE___ARGZ_STRINGIFY 1
#define HAVE___ARGZ_NEXT 1
#define HAVE___FSETLOCKING 1
#define HAVE_DECL__SNPRINTF 0
#define HAVE_DECL__SNWPRINTF 0
#define HAVE_DECL_FEOF_UNLOCKED 1
#define HAVE_DECL_FGETS_UNLOCKED 1
#define HAVE_DECL_GETC_UNLOCKED 1
#define HAVE_ICONV 1
#define ICONV_CONST 
#define HAVE_LANGINFO_CODESET 1
#define HAVE_LC_MESSAGES 1
#define ENABLE_NLS 1
#define HAVE_GETTEXT 1
#define HAVE_DCGETTEXT 1
#define HAVE_DLFCN_H 1
#define LT_OBJDIR ".libs/"

configure: exit 0
